Fri Jul 12 21:59:09 CST 2019  [debug] AvalonLogSystem initialized using logfile 'C:\Users\Administrator\Desktop\myeclipse10的Java源代码\分布式聚合\.metadata\.plugins\com.genuitec.eclipse.templates\velocity.log'
Fri Jul 12 21:59:09 CST 2019   [info] ************************************************************** 
Fri Jul 12 21:59:09 CST 2019   [info] Starting Jakarta Velocity v1.4
Fri Jul 12 21:59:09 CST 2019   [info] RuntimeInstance initializing.
Fri Jul 12 21:59:09 CST 2019   [info] Default Properties File: org\apache\velocity\runtime\defaults\velocity.properties
Fri Jul 12 21:59:09 CST 2019   [info] Trying to use logger class org.apache.velocity.runtime.log.AvalonLogSystem
Fri Jul 12 21:59:09 CST 2019   [info] Using logger class org.apache.velocity.runtime.log.AvalonLogSystem
Fri Jul 12 21:59:09 CST 2019   [info] Default ResourceManager initializing. (class org.apache.velocity.runtime.resource.ResourceManagerImpl)
Fri Jul 12 21:59:09 CST 2019   [info] Resource Loader Instantiated: com.genuitec.eclipse.templates.internal.PluginResourceLoader
Fri Jul 12 21:59:09 CST 2019   [info] ResourceCache : initialized. (class org.apache.velocity.runtime.resource.ResourceCacheImpl)
Fri Jul 12 21:59:09 CST 2019   [info] Default ResourceManager initialization complete.
Fri Jul 12 21:59:09 CST 2019   [info] Loaded System Directive: org.apache.velocity.runtime.directive.Literal
Fri Jul 12 21:59:09 CST 2019   [info] Loaded System Directive: org.apache.velocity.runtime.directive.Macro
Fri Jul 12 21:59:09 CST 2019   [info] Loaded System Directive: org.apache.velocity.runtime.directive.Parse
Fri Jul 12 21:59:09 CST 2019   [info] Loaded System Directive: org.apache.velocity.runtime.directive.Include
Fri Jul 12 21:59:09 CST 2019   [info] Loaded System Directive: org.apache.velocity.runtime.directive.Foreach
Fri Jul 12 21:59:09 CST 2019   [info] Created: 20 parsers.
Fri Jul 12 21:59:09 CST 2019   [info] Velocimacro : initialization starting.
Fri Jul 12 21:59:09 CST 2019   [info] Velocimacro : adding VMs from VM library template : VM_global_library.vm
Fri Jul 12 21:59:09 CST 2019  [error] ResourceManager : unable to find resource 'VM_global_library.vm' in any resource loader.
Fri Jul 12 21:59:09 CST 2019   [info] Velocimacro : error using  VM library template VM_global_library.vm : org.apache.velocity.exception.ResourceNotFoundException: Unable to find resource 'VM_global_library.vm'
Fri Jul 12 21:59:09 CST 2019   [info] Velocimacro :  VM library template macro registration complete.
Fri Jul 12 21:59:09 CST 2019   [info] Velocimacro : allowInline = true : VMs can be defined inline in templates
Fri Jul 12 21:59:09 CST 2019   [info] Velocimacro : allowInlineToOverride = true : VMs defined inline may replace previous VM definitions
Fri Jul 12 21:59:09 CST 2019   [info] Velocimacro : allowInlineLocal = true : VMs defined inline will be local to their defining template only.
Fri Jul 12 21:59:09 CST 2019   [info] Velocimacro : messages on  : VM system will output logging messages
Fri Jul 12 21:59:09 CST 2019   [info] Velocimacro : autoload off  : VM system will not automatically reload global library macros
Fri Jul 12 21:59:09 CST 2019   [info] Velocimacro : initialization complete.
Fri Jul 12 21:59:09 CST 2019   [info] Velocity successfully started.
Fri Jul 12 21:59:09 CST 2019   [info] ResourceManager : found templates/web.xml.vm with loader com.genuitec.eclipse.templates.internal.PluginResourceLoader
Fri Jul 12 21:59:19 CST 2019   [info] ResourceManager : found /templates/velocity/welcome/Jsp.vtl with loader com.genuitec.eclipse.templates.internal.PluginResourceLoader
